20693  [ 4 ]:  SELECT FIRST 1 VPN_CONST.CONST_VALUE                    FROM VPN_CONST                    WHERE VPN_CONST.CONST_ID = 1;

14064  [ 24 ]:  SELECT 1 FROM USERS_USLUGA        WHERE NEXT_DATE<=CURRENT_TIMESTAMP        AND USLUGA_ID=62        AND (DELETED=0 OR DELETED IS NULL)        AND (TARIF_ID =5 OR 5 IS NULL)        AND ABONENT_ID=94;

11917  [ 14 ]:  SELECT               SUM(COALESCE(B.B_SUMM,0)) AS B_SUMM        FROM ABONENTS_BLOCK B        WHERE B.ABONENT_ID=94;

11427  [ 26 ]:  SELECT *                FROM ABONENTS                WHERE ID=99;

7261  [ 197 ]:  SELECT DISTINCT ACT_ID FROM COUNTERS        WHERE ABONENT_ID=3 AND CLOSED=1 AND MONTH_NUMBER=3 AND YEAR_NUMBER=2013;

7261  [ 14 ]:  SELECT                    *                    FROM ADMIN_ACCOUNTS                    WHERE ID=132;

7261  [ 228 ]:  SELECT CNT.*                FROM COUNTERS CNT                WHERE CNT.ABONENT_ID = 3                AND CNT.PRICE = 0.00                AND CNT.USLUGA_ID = 45                AND CNT.V_TYPE_ID = 0                AND CNT.MONTH_NUMBER = 3                AND CNT.CLOSED = 0                AND CNT.YEAR_NUMBER=2013;

5157  [ 14 ]:  SELECT SUM(CREDIT) AS CREDIT FROM ACCOUNT_STACK WHERE ABONENT_ID=94 AND ABS(V)>0;

4643  [ 6 ]:  SELECT               B.*        FROM ABONENTS_BLOCK B        WHERE B.ABONENT_ID=99        AND (B.USLUGA_ID=null OR null IS NULL)        AND (B.USERS_USLUGA_ID=null OR null IS NULL);

3896  [ 9 ]:  SELECT *                FROM USLUGA                WHERE ID=62;

2561  [ 7 ]:  SELECT AC.CREDIT,                (AC.OSTATOK + AC.DEBIT) AS BALANCE_BUH,                (AC.OSTATOK + AC.DEBIT - AC.CREDIT) AS BALANCE,                AC.LIMIT,                AC.CREDIT_ADJUST,                AD.PROMISE_PAY,                AD.PROMISE_DATE_END,                AD.ACCOUNT_ID,                AC.OSTATOK,                AC.DEBIT,                AC.UNLIMITED            FROM ABONENTS AD                LEFT JOIN ADMIN_ACCOUNTS AC ON AD.ACCOUNT_ID = AC.ID            WHERE AD.ID = 94;
2165  [ 5 ]:  SELECT POST_PAY FROM USLUGA WHERE ID=62;

1278  [ 2 ]:  SELECT DISTINCT TC.MONTH_NUMBER                    FROM COUNTERS TC                    WHERE TC.ABONENT_ID = 3 AND TC.CLOSED = 0 AND TC.MONTH_NUMBER < 3;

1278  [ 1 ]:  SELECT FIRST 1 CONST_VALUE                    FROM VPN_CONST                    WHERE CONST_ID = 20;

1278  [ 1 ]:  SELECT OP_NAME                FROM FIN_TYPES                WHERE TYPE_ID = 1;
1277  [ 3 ]:  SELECT FIRST 1 VPN_CONST.VALUE_TEXT                    FROM VPN_CONST                    WHERE VPN_CONST.CONST_ID = 37;

1268  [ 1 ]:  SELECT FIRST 300 *                    FROM ABONENTS A                    WHERE A.DISABLED_DATE<=CURRENT_TIMESTAMP OR A.DISABLED_DATE_END<=CURRENT_TIMESTAMP;

1268  [ 1 ]:  SELECT FIRST 1000 *        FROM TRAFFIC;

1268  [ 1 ]:  SELECT FIRST 30 *        FROM ABONENTS        WHERE MODIFIED IN (1,2,3)        AND COALESCE(DELETED, 0)=0;

1268  [ 1 ]:  SELECT FIRST 1000 * FROM TRAFFIC WHERE STATUS = 0 OR STATUS IS NULL;
1268  [ 1 ]:  SELECT V.*,UF_IP2STRING(V.IP) AS IP_STR FROM VOIP V;

1268  [ 1 ]:  SELECT FIRST 1000 *                FROM VOIP_LOG                WHERE (BILLED IS NULL OR BILLED = 0) AND E_TIME IS NOT NULL;

1268  [ 1 ]:  SELECT FIRST 1000 * FROM VOIP_LOG WHERE RECALC=1 AND E_TIME IS NOT NULL AND BILLED=1;

1268  [ 1 ]:  SELECT U.*,                    AB.MODIFIED AS ABONENT_MODIFIED            FROM USERS U            LEFT JOIN ABONENTS AB ON U.ABONENT_ID=AB.ID            WHERE U.MODIFIED =4 AND U.IS_TEMPLATE <> 1;

1268  [ 1 ]:  SELECT *            FROM ABONENTS AB            WHERE AB.MODIFIED=4;

1268  [ 1 ]:  SELECT RAD.USER_ID,                U.ABONENT_ID        FROM USERS_RADIUSAUTH RAD        LEFT JOIN USERS U ON RAD.USER_ID=U.ID        WHERE (RAD.KILL_TIME IS NOT NULL AND RAD.KILL_TIME < CURRENT_TIMESTAMP) AND U.ABONENT_ID IS NOT NULL;

1268  [ 1 ]:  SELECT *                    FROM ABONENTS                    WHERE PROMISE_PAY IS NOT NULL AND (PROMISE_DATE_END IS NULL                          OR PROMISE_DATE_END < CURRENT_TIMESTAMP) AND IS_FOLDER=0 AND PROMISE_PAY>0;

1268  [ 2 ]:  SELECT MIN(YEAR_NUMBER) AS YEAR_NUMBER FROM COUNTERS WHERE CLOSED=0 AND ABONENT_ID=92;

1268  [ 2 ]:  SELECT MIN(MONTH_NUMBER) AS MONTH_NUMBER FROM COUNTERS WHERE CLOSED=0 AND ABONENT_ID=92 AND YEAR_NUMBER=2013;

1268  [ 2 ]:  SELECT * FROM COUNTERS C LEFT JOIN USLUGA U ON C.USLUGA_ID=U.ID WHERE (C.USLUGA_ID=null OR null IS NULL) AND C.CLOSED=0 AND C.MONTH_NUMBER=3 AND C.ABONENT_ID=92 AND C.YEAR_NUMBER=2013;

1268  [ 1 ]:  SELECT OP_SIGN            FROM FIN_TYPES            WHERE TYPE_ID = 1;
1267  [ 1 ]:  SELECT CS.*,                A.ID AS ABONENT_ID,                U.ID AS USER_ID,                U.CARD_ID                FROM CARD_SERIES CS                JOIN USERS U ON U.CARD_SERIES = CS.SERIES_NO                JOIN ABONENTS A ON A.ID = U.ABONENT_ID            WHERE                U.CARD_ACTIVATE = 1;
1267  [ 1 ]:  SELECT FIRST 300 *                    FROM EVENTS_STACK_COMPACT;

1091  [ 3 ]:  SELECT 1 FROM USERS_USLUGA        WHERE NEXT_DATE<=CURRENT_TIMESTAMP        AND USLUGA_ID=12        AND (DELETED=0 OR DELETED IS NULL)        AND (TARIF_ID =null OR null IS NULL)        AND ABONENT_ID=94;

866  [ 24 ]:  SELECT               B.*        FROM ABONENTS_BLOCK B        WHERE B.ABONENT_ID=94        AND (B.USLUGA_ID=62 OR 62 IS NULL)        AND (B.USERS_USLUGA_ID=384 OR 384 IS NULL);

866  [ 14 ]:  SELECT  A.*,                        AA.DEBIT,                        AA.CREDIT,                        AA.OSTATOK,                        AA.LIMIT,                        AA.UNLIMITED,                        AA.CREDIT_ADJUST                FROM ABONENTS A                LEFT JOIN ADMIN_ACCOUNTS AA ON A.ACCOUNT_ID=AA.ID                WHERE A.ID=94;

647  [ 2 ]:  SELECT               B.*        FROM ABONENTS_BLOCK B        WHERE B.ABONENT_ID=97        AND (B.USLUGA_ID=59 OR 59 IS NULL)        AND (B.USERS_USLUGA_ID=null OR null IS NULL);

639  [ 2 ]:  SELECT FIRST 1 U.ID            FROM USERS_USLUGA UU            LEFT JOIN USLUGA U ON UU.USLUGA_ID = U.ID            WHERE UU.ABONENT_ID = 94 AND UU.ACTIVATED = 1 AND U.DISABLE_ABON_PAY = 1 AND UU.ID<>62;
36  [ 1 ]:  SELECT NAS.NAS_TYPE,                   NAS.RADIUS_SECRET,                   NAS.COA_PSW,                   UF_IP2STRING(NAS.IP) AS NAS_IP            FROM NAS            WHERE NAS.ID = null;

32  [ 7 ]:  SELECT                       U.*                FROM USLUGA U                WHERE U.ID=45;

17  [ 6 ]:  SELECT            USLUGA_RANGE_TYPE_ID        FROM            ABONENTS        WHERE ID=99;

13  [ 1 ]:  SELECT *                FROM ABONENTS                WHERE ID=null;

12  [ 6 ]:  SELECT FIRST 1 *        FROM USERS        WHERE ABONENT_ID = 94 AND IS_TEMPLATE <> 1;

12  [ 6 ]:  SELECT U.*        FROM USERS_USLUGA UU        LEFT JOIN USLUGA U ON UU.USLUGA_ID=U.ID        WHERE UU.ABONENT_ID = 94 AND UU.ACTIVATED=1 AND U.SYSTEM_TYPE=9 AND COALESCE(UU.DELETED, 0) != 1;

12  [ 6 ]:  SELECT 1        FROM TRAF_COUNTERS TC        WHERE TC.USER_ID = 295 AND TC.SUBNET = 2 AND TC.USERS_USLUGA_ID=336 AND CLOSED =0 AND MONTH_NUMBER=6 AND YEAR_NUMBER=2014;

8  [ 4 ]:  SELECT UU.ID,               U.ID AS USLUGA_ID,               U.SUBNET,               U.MIN_MB_IN_M,               U.MAX_MB_IN_M,               U.MIN_MB_OUT_M,               U.MAX_MB_OUT_M,               U.START_TIME,               U.END_TIME,               U.CEIL_IN,               U.CEIL_OUT,               U.MIN_MB_IN_H,               U.MAX_MB_IN_H,               U.MIN_MB_OUT_H,               U.MAX_MB_OUT_H,               U.MIN_MB_IN_D,               U.MAX_MB_IN_D,               U.MIN_MB_OUT_D,               U.MAX_MB_OUT_D,               U.IF_NOT_NEGBAL,               U.DO_BLOCK,               U.SKIP_SUM_MB        FROM USERS_USLUGA UU        LEFT JOIN USLUGA U ON UU.USLUGA_ID=U.ID        WHERE UU.ABONENT_ID = 94 AND UU.ACTIVATED=1 AND U.SUBNET=2 AND COALESCE(UU.DELETED, 0) != 1;

6  [ 4 ]:  SELECT FIRST 2 U.ID,                       U.ABONENT_ID,                       ABON.ACCOUNT_ID,                       U.OVER_LIMIT_DATE,                       U.MODIFIED,                       ABON.MODIFIED AS ABONENT_MODIFIED                FROM USERS U                LEFT JOIN ABONENTS ABON ON U.ABONENT_ID = ABON.ID                WHERE ((U.IP = null OR U.IP IS NULL) AND(U.ID=295 OR 295 IS NULL OR 295 = -1))                AND (ABON.DELETED=0 OR ABON.DELETED IS NULL)                AND U.IS_TEMPLATE <> 1;
6  [ 4 ]:  SELECT FIRST 1 1            FROM USERS_USLUGA UU            LEFT JOIN USLUGA U ON UU.USLUGA_ID=U.ID            WHERE U.SYSTEM_TYPE=9 AND UU.ABONENT_ID=94 AND UU.ENABLED=1 AND UU.ACTIVATED=1;

6  [ 4 ]:  SELECT TC.*                FROM TRAF_COUNTERS TC                LEFT JOIN USERS_USLUGA UU ON TC.USERS_USLUGA_ID = UU.ID                LEFT JOIN USLUGA U ON TC.USLUGA_ID_CACHE=U.ID AND TC.SUBNET=U.SUBNET                WHERE TC.USER_ID = 295 AND TC.SUBNET = 2 AND TC.CURRENTT = 1 AND TC.MONTH_NUMBER = 6 AND TC.YEAR_NUMBER = 2014 AND TC.CLOSED = 0 AND U.ID IS NOT NULL AND UU.ACTIVATED = 1 AND COALESCE(UU.DELETED, 0) != 1;

3  [ 2 ]:  SELECT TXT,                SEND            FROM ADMIN_MSG            WHERE ID = 1;
3  [ 3 ]:  SELECT AC.OSTATOK, AC.DEBIT, AC.CREDIT            FROM ADMIN_ACCOUNTS AC            WHERE AC.ID = (                SELECT ACCOUNT_ID FROM ABONENTS WHERE ID = 95                );
3  [ 3 ]:  SELECT TP.ALLOW_LIMIT            FROM TARIF TP            WHERE TP.ID = (                SELECT TARIF_ID FROM ABONENTS WHERE ID = 95            );
3  [ 3 ]:  SELECT CONTRACT_NUMBER            FROM ABONENTS WHERE ID = 95;
TIME: 9561.41975903511 -- 3 часа!!!